This file contains any messages produced by compilers while
running configure, to aid debugging if configure makes a mistake.

It was created by cassandra_thrift configure 19.10.0, which was
generated by GNU Autoconf 2.67.  Invocation command line was

  $ ./configure 

## --------- ##
## Platform. ##
## --------- ##

hostname = popcorn
uname -m = i686
uname -r = 2.6.32-5-686
uname -s = Linux
uname -v = #1 SMP Tue Mar 8 21:36:00 UTC 2011

/usr/bin/uname -p = unknown
/bin/uname -X     = unknown

/bin/arch              = unknown
/usr/bin/arch -k       = unknown
/usr/convex/getsysinfo = unknown
/usr/bin/hostinfo      = unknown
/bin/machine           = unknown
/usr/bin/oslevel       = unknown
/bin/universe          = unknown

PATH: /home/gasol/bin
PATH: /home/gasol/dev/go/bin
PATH: /home/gasol/dev/IAMCli-1.2.0/bin
PATH: /home/gasol/dev/apache-ant/bin
PATH: /home/gasol/dev/play
PATH: /home/gasol/dev/apache-maven/bin
PATH: /home/gasol/dev/google_appengine
PATH: /home/gasol/dev/android-sdk-linux_x86/tools
PATH: /home/gasol/dev/android-sdk-linux_x86/platform-tools
PATH: /home/gasol/bin
PATH: /home/gasol/dev/IAMCli-1.2.0/bin
PATH: /home/gasol/dev/apache-ant/bin
PATH: /home/gasol/dev/play
PATH: /home/gasol/dev/apache-maven/bin
PATH: /home/gasol/dev/google_appengine
PATH: /home/gasol/dev/android-sdk-linux_x86/tools
PATH: /home/gasol/dev/android-sdk-linux_x86/platform-tools
PATH: /usr/local/bin
PATH: /usr/bin
PATH: /bin
PATH: /usr/local/games
PATH: /usr/games
PATH: /home/gasol/.rvm/bin


## ----------- ##
## Core tests. ##
## ----------- ##

configure:2571: checking for a BSD-compatible install
configure:2639: result: /usr/bin/install -c
configure:2650: checking whether build environment is sane
configure:2700: result: yes
configure:2841: checking for a thread-safe mkdir -p
configure:2880: result: /bin/mkdir -p
configure:2893: checking for gawk
configure:2923: result: no
configure:2893: checking for mawk
configure:2909: found /usr/bin/mawk
configure:2920: result: mawk
configure:2931: checking whether make sets $(MAKE)
configure:2953: result: yes
configure:3058: checking build system type
configure:3072: result: i686-pc-linux-gnu
configure:3092: checking host system type
configure:3105: result: i686-pc-linux-gnu
configure:3137: checking for style of include used by make
configure:3165: result: GNU
configure:3235: checking for gcc
configure:3251: found /usr/bin/gcc
configure:3262: result: gcc
configure:3491: checking for C compiler version
configure:3500: gcc --version >&5
gcc (Debian 4.4.5-8) 4.4.5
Copyright (C) 2010 Free Software Foundation, Inc.
This is free software; see the source for copying conditions.  There is NO
warranty; not even for MERCHANTABILITY or FITNESS FOR A PARTICULAR PURPOSE.

configure:3511: $? = 0
configure:3500: gcc -v >&5
Using built-in specs.
Target: i486-linux-gnu
Configured with: ../src/configure -v --with-pkgversion='Debian 4.4.5-8' --with-bugurl=file:///usr/share/doc/gcc-4.4/README.Bugs --enable-languages=c,c++,fortran,objc,obj-c++ --prefix=/usr --program-suffix=-4.4 --enable-shared --enable-multiarch --enable-linker-build-id --with-system-zlib --libexecdir=/usr/lib --without-included-gettext --enable-threads=posix --with-gxx-include-dir=/usr/include/c++/4.4 --libdir=/usr/lib --enable-nls --enable-clocale=gnu --enable-libstdcxx-debug --enable-objc-gc --enable-targets=all --with-arch-32=i586 --with-tune=generic --enable-checking=release --build=i486-linux-gnu --host=i486-linux-gnu --target=i486-linux-gnu
Thread model: posix
gcc version 4.4.5 (Debian 4.4.5-8) 
configure:3511: $? = 0
configure:3500: gcc -V >&5
gcc: '-V' option must have argument
configure:3511: $? = 1
configure:3500: gcc -qversion >&5
gcc: unrecognized option '-qversion'
gcc: no input files
configure:3511: $? = 1
configure:3531: checking whether the C compiler works
configure:3553: gcc    conftest.c  >&5
configure:3557: $? = 0
configure:3605: result: yes
configure:3608: checking for C compiler default output file name
configure:3610: result: a.out
configure:3616: checking for suffix of executables
configure:3623: gcc -o conftest    conftest.c  >&5
configure:3627: $? = 0
configure:3649: result: 
configure:3671: checking whether we are cross compiling
configure:3679: gcc -o conftest    conftest.c  >&5
configure:3683: $? = 0
configure:3690: ./conftest
configure:3694: $? = 0
configure:3709: result: no
configure:3714: checking for suffix of object files
configure:3736: gcc -c   conftest.c >&5
configure:3740: $? = 0
configure:3761: result: o
configure:3765: checking whether we are using the GNU C compiler
configure:3784: gcc -c   conftest.c >&5
configure:3784: $? = 0
configure:3793: result: yes
configure:3802: checking whether gcc accepts -g
configure:3822: gcc -c -g  conftest.c >&5
configure:3822: $? = 0
configure:3863: result: yes
configure:3880: checking for gcc option to accept ISO C89
configure:3944: gcc  -c -g -O2  conftest.c >&5
configure:3944: $? = 0
configure:3957: result: none needed
configure:3979: checking dependency style of gcc
configure:4089: result: gcc3
configure:4104: checking for a sed that does not truncate output
configure:4168: result: /bin/sed
configure:4186: checking for grep that handles long lines and -e
configure:4244: result: /bin/grep
configure:4249: checking for egrep
configure:4311: result: /bin/grep -E
configure:4316: checking for fgrep
configure:4378: result: /bin/grep -F
configure:4413: checking for ld used by gcc
configure:4480: result: /usr/bin/ld
configure:4487: checking if the linker (/usr/bin/ld) is GNU ld
configure:4502: result: yes
configure:4514: checking for BSD- or MS-compatible name lister (nm)
configure:4563: result: /usr/bin/nm -B
configure:4681: checking the name lister (/usr/bin/nm -B) interface
configure:4688: gcc -c -g -O2  conftest.c >&5
configure:4691: /usr/bin/nm -B "conftest.o"
configure:4694: output
00000000 B some_variable
configure:4701: result: BSD nm
configure:4704: checking whether ln -s works
configure:4708: result: yes
configure:4716: checking the maximum length of command line arguments
configure:4836: result: 1572864
configure:4853: checking whether the shell understands some XSI constructs
configure:4863: result: yes
configure:4867: checking whether the shell understands "+="
configure:4873: result: yes
configure:4908: checking for /usr/bin/ld option to reload object files
configure:4915: result: -r
configure:4984: checking for objdump
configure:5000: found /usr/bin/objdump
configure:5011: result: objdump
configure:5043: checking how to recognize dependent libraries
configure:5239: result: pass_all
configure:5299: checking for ar
configure:5315: found /usr/bin/ar
configure:5326: result: ar
configure:5404: checking for strip
configure:5420: found /usr/bin/strip
configure:5431: result: strip
configure:5503: checking for ranlib
configure:5519: found /usr/bin/ranlib
configure:5530: result: ranlib
configure:5620: checking command to parse /usr/bin/nm -B output from gcc object
configure:5738: gcc -c -g -O2  conftest.c >&5
configure:5741: $? = 0
configure:5745: /usr/bin/nm -B conftest.o \| sed -n -e 's/^.*[	 ]\([ABCDGIRSTW][ABCDGIRSTW]*\)[	 ][	 ]*\([_A-Za-z][_A-Za-z0-9]*\)$/\1 \2 \2/p' \> conftest.nm
configure:5748: $? = 0
configure:5802: gcc -o conftest -g -O2   conftest.c conftstm.o >&5
configure:5805: $? = 0
configure:5843: result: ok
configure:6652: checking how to run the C preprocessor
configure:6683: gcc -E  conftest.c
configure:6683: $? = 0
configure:6697: gcc -E  conftest.c
conftest.c:9:28: error: ac_nonexistent.h: No such file or directory
configure:6697: $? = 1
configure: failed program was:
| /* confdefs.h */
| #define PACKAGE_NAME "cassandra_thrift"
| #define PACKAGE_TARNAME "cassandra_thrift"
| #define PACKAGE_VERSION "19.10.0"
| #define PACKAGE_STRING "cassandra_thrift 19.10.0"
| #define PACKAGE_BUGREPORT ""
| #define PACKAGE_URL ""
| /* end confdefs.h.  */
| #include <ac_nonexistent.h>
configure:6722: result: gcc -E
configure:6742: gcc -E  conftest.c
configure:6742: $? = 0
configure:6756: gcc -E  conftest.c
conftest.c:9:28: error: ac_nonexistent.h: No such file or directory
configure:6756: $? = 1
configure: failed program was:
| /* confdefs.h */
| #define PACKAGE_NAME "cassandra_thrift"
| #define PACKAGE_TARNAME "cassandra_thrift"
| #define PACKAGE_VERSION "19.10.0"
| #define PACKAGE_STRING "cassandra_thrift 19.10.0"
| #define PACKAGE_BUGREPORT ""
| #define PACKAGE_URL ""
| /* end confdefs.h.  */
| #include <ac_nonexistent.h>
configure:6785: checking for ANSI C header files
configure:6805: gcc -c -g -O2  conftest.c >&5
configure:6805: $? = 0
configure:6878: gcc -o conftest -g -O2   conftest.c  >&5
configure:6878: $? = 0
configure:6878: ./conftest
configure:6878: $? = 0
configure:6889: result: yes
configure:6902: checking for sys/types.h
configure:6902: gcc -c -g -O2  conftest.c >&5
configure:6902: $? = 0
configure:6902: result: yes
configure:6902: checking for sys/stat.h
configure:6902: gcc -c -g -O2  conftest.c >&5
configure:6902: $? = 0
configure:6902: result: yes
configure:6902: checking for stdlib.h
configure:6902: gcc -c -g -O2  conftest.c >&5
configure:6902: $? = 0
configure:6902: result: yes
configure:6902: checking for string.h
configure:6902: gcc -c -g -O2  conftest.c >&5
configure:6902: $? = 0
configure:6902: result: yes
configure:6902: checking for memory.h
configure:6902: gcc -c -g -O2  conftest.c >&5
configure:6902: $? = 0
configure:6902: result: yes
configure:6902: checking for strings.h
configure:6902: gcc -c -g -O2  conftest.c >&5
configure:6902: $? = 0
configure:6902: result: yes
configure:6902: checking for inttypes.h
configure:6902: gcc -c -g -O2  conftest.c >&5
configure:6902: $? = 0
configure:6902: result: yes
configure:6902: checking for stdint.h
configure:6902: gcc -c -g -O2  conftest.c >&5
configure:6902: $? = 0
configure:6902: result: yes
configure:6902: checking for unistd.h
configure:6902: gcc -c -g -O2  conftest.c >&5
configure:6902: $? = 0
configure:6902: result: yes
configure:6916: checking for dlfcn.h
configure:6916: gcc -c -g -O2  conftest.c >&5
configure:6916: $? = 0
configure:6916: result: yes
configure:7100: checking for objdir
configure:7115: result: .libs
configure:7411: checking if gcc supports -fno-rtti -fno-exceptions
configure:7429: gcc -c -g -O2  -fno-rtti -fno-exceptions conftest.c >&5
cc1: warning: command line option "-fno-rtti" is valid for C++/ObjC++ but not for C
configure:7433: $? = 0
configure:7446: result: no
configure:7466: checking for gcc option to produce PIC
configure:7738: result: -fPIC -DPIC
configure:7750: checking if gcc PIC flag -fPIC -DPIC works
configure:7768: gcc -c -g -O2  -fPIC -DPIC -DPIC conftest.c >&5
configure:7772: $? = 0
configure:7785: result: yes
configure:7809: checking if gcc static flag -static works
configure:7837: result: yes
configure:7852: checking if gcc supports -c -o file.o
configure:7873: gcc -c -g -O2  -o out/conftest2.o conftest.c >&5
configure:7877: $? = 0
configure:7899: result: yes
configure:7907: checking if gcc supports -c -o file.o
configure:7954: result: yes
configure:7987: checking whether the gcc linker (/usr/bin/ld) supports shared libraries
configure:8978: result: yes
configure:9015: checking whether -lc should be explicitly linked in
configure:9020: gcc -c -g -O2  conftest.c >&5
configure:9023: $? = 0
configure:9038: gcc -shared conftest.o  -v -Wl,-soname -Wl,conftest -o conftest 2\>\&1 \| /bin/grep  -lc  \>/dev/null 2\>\&1
configure:9041: $? = 0
configure:9053: result: no
configure:9217: checking dynamic linker characteristics
configure:9650: gcc -o conftest -g -O2   -Wl,-rpath -Wl,/foo conftest.c  >&5
configure:9650: $? = 0
configure:9880: result: GNU/Linux ld.so
configure:9982: checking how to hardcode library paths into programs
configure:10007: result: immediate
configure:10527: checking whether stripping libraries is possible
configure:10532: result: yes
configure:10567: checking if libtool supports shared libraries
configure:10569: result: yes
configure:10572: checking whether to build shared libraries
configure:10593: result: yes
configure:10596: checking whether to build static libraries
configure:10600: result: yes
configure:10695: checking for g++
configure:10711: found /usr/bin/g++
configure:10722: result: g++
configure:10749: checking for C++ compiler version
configure:10758: g++ --version >&5
g++ (Debian 4.4.5-8) 4.4.5
Copyright (C) 2010 Free Software Foundation, Inc.
This is free software; see the source for copying conditions.  There is NO
warranty; not even for MERCHANTABILITY or FITNESS FOR A PARTICULAR PURPOSE.

configure:10769: $? = 0
configure:10758: g++ -v >&5
Using built-in specs.
Target: i486-linux-gnu
Configured with: ../src/configure -v --with-pkgversion='Debian 4.4.5-8' --with-bugurl=file:///usr/share/doc/gcc-4.4/README.Bugs --enable-languages=c,c++,fortran,objc,obj-c++ --prefix=/usr --program-suffix=-4.4 --enable-shared --enable-multiarch --enable-linker-build-id --with-system-zlib --libexecdir=/usr/lib --without-included-gettext --enable-threads=posix --with-gxx-include-dir=/usr/include/c++/4.4 --libdir=/usr/lib --enable-nls --enable-clocale=gnu --enable-libstdcxx-debug --enable-objc-gc --enable-targets=all --with-arch-32=i586 --with-tune=generic --enable-checking=release --build=i486-linux-gnu --host=i486-linux-gnu --target=i486-linux-gnu
Thread model: posix
gcc version 4.4.5 (Debian 4.4.5-8) 
configure:10769: $? = 0
configure:10758: g++ -V >&5
g++: '-V' option must have argument
configure:10769: $? = 1
configure:10758: g++ -qversion >&5
g++: unrecognized option '-qversion'
g++: no input files
configure:10769: $? = 1
configure:10773: checking whether we are using the GNU C++ compiler
configure:10792: g++ -c   conftest.cpp >&5
configure:10792: $? = 0
configure:10801: result: yes
configure:10810: checking whether g++ accepts -g
configure:10830: g++ -c -g  conftest.cpp >&5
configure:10830: $? = 0
configure:10871: result: yes
configure:10896: checking dependency style of g++
configure:11006: result: gcc3
configure:11134: checking for C++ compiler version
configure:11143: g++ --version >&5
g++ (Debian 4.4.5-8) 4.4.5
Copyright (C) 2010 Free Software Foundation, Inc.
This is free software; see the source for copying conditions.  There is NO
warranty; not even for MERCHANTABILITY or FITNESS FOR A PARTICULAR PURPOSE.

configure:11154: $? = 0
configure:11143: g++ -v >&5
Using built-in specs.
Target: i486-linux-gnu
Configured with: ../src/configure -v --with-pkgversion='Debian 4.4.5-8' --with-bugurl=file:///usr/share/doc/gcc-4.4/README.Bugs --enable-languages=c,c++,fortran,objc,obj-c++ --prefix=/usr --program-suffix=-4.4 --enable-shared --enable-multiarch --enable-linker-build-id --with-system-zlib --libexecdir=/usr/lib --without-included-gettext --enable-threads=posix --with-gxx-include-dir=/usr/include/c++/4.4 --libdir=/usr/lib --enable-nls --enable-clocale=gnu --enable-libstdcxx-debug --enable-objc-gc --enable-targets=all --with-arch-32=i586 --with-tune=generic --enable-checking=release --build=i486-linux-gnu --host=i486-linux-gnu --target=i486-linux-gnu
Thread model: posix
gcc version 4.4.5 (Debian 4.4.5-8) 
configure:11154: $? = 0
configure:11143: g++ -V >&5
g++: '-V' option must have argument
configure:11154: $? = 1
configure:11143: g++ -qversion >&5
g++: unrecognized option '-qversion'
g++: no input files
configure:11154: $? = 1
configure:11158: checking whether we are using the GNU C++ compiler
configure:11186: result: yes
configure:11195: checking whether g++ accepts -g
configure:11256: result: yes
configure:11281: checking dependency style of g++
configure:11391: result: gcc3
configure:11414: checking how to run the C++ preprocessor
configure:11441: g++ -E  conftest.cpp
configure:11441: $? = 0
configure:11455: g++ -E  conftest.cpp
conftest.cpp:21:28: error: ac_nonexistent.h: No such file or directory
configure:11455: $? = 1
configure: failed program was:
| /* confdefs.h */
| #define PACKAGE_NAME "cassandra_thrift"
| #define PACKAGE_TARNAME "cassandra_thrift"
| #define PACKAGE_VERSION "19.10.0"
| #define PACKAGE_STRING "cassandra_thrift 19.10.0"
| #define PACKAGE_BUGREPORT ""
| #define PACKAGE_URL ""
| #define STDC_HEADERS 1
| #define HAVE_SYS_TYPES_H 1
| #define HAVE_SYS_STAT_H 1
| #define HAVE_STDLIB_H 1
| #define HAVE_STRING_H 1
| #define HAVE_MEMORY_H 1
| #define HAVE_STRINGS_H 1
| #define HAVE_INTTYPES_H 1
| #define HAVE_STDINT_H 1
| #define HAVE_UNISTD_H 1
| #define HAVE_DLFCN_H 1
| #define LT_OBJDIR ".libs/"
| /* end confdefs.h.  */
| #include <ac_nonexistent.h>
configure:11480: result: g++ -E
configure:11500: g++ -E  conftest.cpp
configure:11500: $? = 0
configure:11514: g++ -E  conftest.cpp
conftest.cpp:21:28: error: ac_nonexistent.h: No such file or directory
configure:11514: $? = 1
configure: failed program was:
| /* confdefs.h */
| #define PACKAGE_NAME "cassandra_thrift"
| #define PACKAGE_TARNAME "cassandra_thrift"
| #define PACKAGE_VERSION "19.10.0"
| #define PACKAGE_STRING "cassandra_thrift 19.10.0"
| #define PACKAGE_BUGREPORT ""
| #define PACKAGE_URL ""
| #define STDC_HEADERS 1
| #define HAVE_SYS_TYPES_H 1
| #define HAVE_SYS_STAT_H 1
| #define HAVE_STDLIB_H 1
| #define HAVE_STRING_H 1
| #define HAVE_MEMORY_H 1
| #define HAVE_STRINGS_H 1
| #define HAVE_INTTYPES_H 1
| #define HAVE_STDINT_H 1
| #define HAVE_UNISTD_H 1
| #define HAVE_DLFCN_H 1
| #define LT_OBJDIR ".libs/"
| /* end confdefs.h.  */
| #include <ac_nonexistent.h>
configure:11682: checking for ld used by g++
configure:11749: result: /usr/bin/ld
configure:11756: checking if the linker (/usr/bin/ld) is GNU ld
configure:11771: result: yes
configure:11826: checking whether the g++ linker (/usr/bin/ld) supports shared libraries
configure:12739: result: yes
configure:12767: g++ -c -g -O2  conftest.cpp >&5
configure:12770: $? = 0
configure:12952: checking for g++ option to produce PIC
configure:13269: result: -fPIC -DPIC
configure:13278: checking if g++ PIC flag -fPIC -DPIC works
configure:13296: g++ -c -g -O2  -fPIC -DPIC -DPIC conftest.cpp >&5
configure:13300: $? = 0
configure:13313: result: yes
configure:13334: checking if g++ static flag -static works
configure:13362: result: yes
configure:13374: checking if g++ supports -c -o file.o
configure:13395: g++ -c -g -O2  -o out/conftest2.o conftest.cpp >&5
configure:13399: $? = 0
configure:13421: result: yes
configure:13426: checking if g++ supports -c -o file.o
configure:13473: result: yes
configure:13503: checking whether the g++ linker (/usr/bin/ld) supports shared libraries
configure:13532: result: yes
configure:13669: checking dynamic linker characteristics
configure:14050: g++ -o conftest -g -O2   -Wl,-rpath -Wl,/foo conftest.cpp  >&5
configure:14050: $? = 0
configure:14280: result: GNU/Linux ld.so
configure:14331: checking how to hardcode library paths into programs
configure:14356: result: immediate
configure:14443: checking for gcc
configure:14470: result: gcc
configure:14699: checking for C compiler version
configure:14708: gcc --version >&5
gcc (Debian 4.4.5-8) 4.4.5
Copyright (C) 2010 Free Software Foundation, Inc.
This is free software; see the source for copying conditions.  There is NO
warranty; not even for MERCHANTABILITY or FITNESS FOR A PARTICULAR PURPOSE.

configure:14719: $? = 0
configure:14708: gcc -v >&5
Using built-in specs.
Target: i486-linux-gnu
Configured with: ../src/configure -v --with-pkgversion='Debian 4.4.5-8' --with-bugurl=file:///usr/share/doc/gcc-4.4/README.Bugs --enable-languages=c,c++,fortran,objc,obj-c++ --prefix=/usr --program-suffix=-4.4 --enable-shared --enable-multiarch --enable-linker-build-id --with-system-zlib --libexecdir=/usr/lib --without-included-gettext --enable-threads=posix --with-gxx-include-dir=/usr/include/c++/4.4 --libdir=/usr/lib --enable-nls --enable-clocale=gnu --enable-libstdcxx-debug --enable-objc-gc --enable-targets=all --with-arch-32=i586 --with-tune=generic --enable-checking=release --build=i486-linux-gnu --host=i486-linux-gnu --target=i486-linux-gnu
Thread model: posix
gcc version 4.4.5 (Debian 4.4.5-8) 
configure:14719: $? = 0
configure:14708: gcc -V >&5
gcc: '-V' option must have argument
configure:14719: $? = 1
configure:14708: gcc -qversion >&5
gcc: unrecognized option '-qversion'
gcc: no input files
configure:14719: $? = 1
configure:14723: checking whether we are using the GNU C compiler
configure:14751: result: yes
configure:14760: checking whether gcc accepts -g
configure:14821: result: yes
configure:14838: checking for gcc option to accept ISO C89
configure:14915: result: none needed
configure:14937: checking dependency style of gcc
configure:15047: result: gcc3
configure:15068: checking for stdbool.h that conforms to C99
configure:15153: gcc -c -g -O2  conftest.c >&5
configure:15153: $? = 0
configure:15160: result: yes
configure:15162: checking for _Bool
configure:15162: gcc -c -g -O2  conftest.c >&5
configure:15162: $? = 0
configure:15162: gcc -c -g -O2  conftest.c >&5
conftest.c: In function 'main':
conftest.c:57: error: expected expression before ')' token
configure:15162: $? = 1
configure: failed program was:
| /* confdefs.h */
| #define PACKAGE_NAME "cassandra_thrift"
| #define PACKAGE_TARNAME "cassandra_thrift"
| #define PACKAGE_VERSION "19.10.0"
| #define PACKAGE_STRING "cassandra_thrift 19.10.0"
| #define PACKAGE_BUGREPORT ""
| #define PACKAGE_URL ""
| #define STDC_HEADERS 1
| #define HAVE_SYS_TYPES_H 1
| #define HAVE_SYS_STAT_H 1
| #define HAVE_STDLIB_H 1
| #define HAVE_STRING_H 1
| #define HAVE_MEMORY_H 1
| #define HAVE_STRINGS_H 1
| #define HAVE_INTTYPES_H 1
| #define HAVE_STDINT_H 1
| #define HAVE_UNISTD_H 1
| #define HAVE_DLFCN_H 1
| #define LT_OBJDIR ".libs/"
| /* end confdefs.h.  */
| #include <stdio.h>
| #ifdef HAVE_SYS_TYPES_H
| # include <sys/types.h>
| #endif
| #ifdef HAVE_SYS_STAT_H
| # include <sys/stat.h>
| #endif
| #ifdef STDC_HEADERS
| # include <stdlib.h>
| # include <stddef.h>
| #else
| # ifdef HAVE_STDLIB_H
| #  include <stdlib.h>
| # endif
| #endif
| #ifdef HAVE_STRING_H
| # if !defined STDC_HEADERS && defined HAVE_MEMORY_H
| #  include <memory.h>
| # endif
| # include <string.h>
| #endif
| #ifdef HAVE_STRINGS_H
| # include <strings.h>
| #endif
| #ifdef HAVE_INTTYPES_H
| # include <inttypes.h>
| #endif
| #ifdef HAVE_STDINT_H
| # include <stdint.h>
| #endif
| #ifdef HAVE_UNISTD_H
| # include <unistd.h>
| #endif
| int
| main ()
| {
| if (sizeof ((_Bool)))
| 	    return 0;
|   ;
|   return 0;
| }
configure:15162: result: yes
configure:15178: checking for int16_t
configure:15178: gcc -c -g -O2  conftest.c >&5
configure:15178: $? = 0
configure:15178: gcc -c -g -O2  conftest.c >&5
conftest.c: In function 'main':
conftest.c:61: error: size of array 'test_array' is negative
configure:15178: $? = 1
configure: failed program was:
| /* confdefs.h */
| #define PACKAGE_NAME "cassandra_thrift"
| #define PACKAGE_TARNAME "cassandra_thrift"
| #define PACKAGE_VERSION "19.10.0"
| #define PACKAGE_STRING "cassandra_thrift 19.10.0"
| #define PACKAGE_BUGREPORT ""
| #define PACKAGE_URL ""
| #define STDC_HEADERS 1
| #define HAVE_SYS_TYPES_H 1
| #define HAVE_SYS_STAT_H 1
| #define HAVE_STDLIB_H 1
| #define HAVE_STRING_H 1
| #define HAVE_MEMORY_H 1
| #define HAVE_STRINGS_H 1
| #define HAVE_INTTYPES_H 1
| #define HAVE_STDINT_H 1
| #define HAVE_UNISTD_H 1
| #define HAVE_DLFCN_H 1
| #define LT_OBJDIR ".libs/"
| #define HAVE__BOOL 1
| #define HAVE_STDBOOL_H 1
| /* end confdefs.h.  */
| #include <stdio.h>
| #ifdef HAVE_SYS_TYPES_H
| # include <sys/types.h>
| #endif
| #ifdef HAVE_SYS_STAT_H
| # include <sys/stat.h>
| #endif
| #ifdef STDC_HEADERS
| # include <stdlib.h>
| # include <stddef.h>
| #else
| # ifdef HAVE_STDLIB_H
| #  include <stdlib.h>
| # endif
| #endif
| #ifdef HAVE_STRING_H
| # if !defined STDC_HEADERS && defined HAVE_MEMORY_H
| #  include <memory.h>
| # endif
| # include <string.h>
| #endif
| #ifdef HAVE_STRINGS_H
| # include <strings.h>
| #endif
| #ifdef HAVE_INTTYPES_H
| # include <inttypes.h>
| #endif
| #ifdef HAVE_STDINT_H
| # include <stdint.h>
| #endif
| #ifdef HAVE_UNISTD_H
| # include <unistd.h>
| #endif
| 	        enum { N = 16 / 2 - 1 };
| int
| main ()
| {
| static int test_array [1 - 2 * !((int16_t) (((((int16_t) 1 << N) << N) - 1) * 2 + 1)
| 		 < (int16_t) (((((int16_t) 1 << N) << N) - 1) * 2 + 2))];
| test_array [0] = 0
| 
|   ;
|   return 0;
| }
configure:15178: result: yes
configure:15189: checking for int32_t
configure:15189: gcc -c -g -O2  conftest.c >&5
configure:15189: $? = 0
configure:15189: gcc -c -g -O2  conftest.c >&5
conftest.c: In function 'main':
conftest.c:61: warning: integer overflow in expression
conftest.c:61: error: size of array 'test_array' is negative
configure:15189: $? = 1
configure: failed program was:
| /* confdefs.h */
| #define PACKAGE_NAME "cassandra_thrift"
| #define PACKAGE_TARNAME "cassandra_thrift"
| #define PACKAGE_VERSION "19.10.0"
| #define PACKAGE_STRING "cassandra_thrift 19.10.0"
| #define PACKAGE_BUGREPORT ""
| #define PACKAGE_URL ""
| #define STDC_HEADERS 1
| #define HAVE_SYS_TYPES_H 1
| #define HAVE_SYS_STAT_H 1
| #define HAVE_STDLIB_H 1
| #define HAVE_STRING_H 1
| #define HAVE_MEMORY_H 1
| #define HAVE_STRINGS_H 1
| #define HAVE_INTTYPES_H 1
| #define HAVE_STDINT_H 1
| #define HAVE_UNISTD_H 1
| #define HAVE_DLFCN_H 1
| #define LT_OBJDIR ".libs/"
| #define HAVE__BOOL 1
| #define HAVE_STDBOOL_H 1
| /* end confdefs.h.  */
| #include <stdio.h>
| #ifdef HAVE_SYS_TYPES_H
| # include <sys/types.h>
| #endif
| #ifdef HAVE_SYS_STAT_H
| # include <sys/stat.h>
| #endif
| #ifdef STDC_HEADERS
| # include <stdlib.h>
| # include <stddef.h>
| #else
| # ifdef HAVE_STDLIB_H
| #  include <stdlib.h>
| # endif
| #endif
| #ifdef HAVE_STRING_H
| # if !defined STDC_HEADERS && defined HAVE_MEMORY_H
| #  include <memory.h>
| # endif
| # include <string.h>
| #endif
| #ifdef HAVE_STRINGS_H
| # include <strings.h>
| #endif
| #ifdef HAVE_INTTYPES_H
| # include <inttypes.h>
| #endif
| #ifdef HAVE_STDINT_H
| # include <stdint.h>
| #endif
| #ifdef HAVE_UNISTD_H
| # include <unistd.h>
| #endif
| 	        enum { N = 32 / 2 - 1 };
| int
| main ()
| {
| static int test_array [1 - 2 * !((int32_t) (((((int32_t) 1 << N) << N) - 1) * 2 + 1)
| 		 < (int32_t) (((((int32_t) 1 << N) << N) - 1) * 2 + 2))];
| test_array [0] = 0
| 
|   ;
|   return 0;
| }
configure:15189: result: yes
configure:15200: checking for int64_t
configure:15200: gcc -c -g -O2  conftest.c >&5
configure:15200: $? = 0
configure:15200: gcc -c -g -O2  conftest.c >&5
conftest.c: In function 'main':
conftest.c:61: warning: integer overflow in expression
conftest.c:61: error: size of array 'test_array' is negative
configure:15200: $? = 1
configure: failed program was:
| /* confdefs.h */
| #define PACKAGE_NAME "cassandra_thrift"
| #define PACKAGE_TARNAME "cassandra_thrift"
| #define PACKAGE_VERSION "19.10.0"
| #define PACKAGE_STRING "cassandra_thrift 19.10.0"
| #define PACKAGE_BUGREPORT ""
| #define PACKAGE_URL ""
| #define STDC_HEADERS 1
| #define HAVE_SYS_TYPES_H 1
| #define HAVE_SYS_STAT_H 1
| #define HAVE_STDLIB_H 1
| #define HAVE_STRING_H 1
| #define HAVE_MEMORY_H 1
| #define HAVE_STRINGS_H 1
| #define HAVE_INTTYPES_H 1
| #define HAVE_STDINT_H 1
| #define HAVE_UNISTD_H 1
| #define HAVE_DLFCN_H 1
| #define LT_OBJDIR ".libs/"
| #define HAVE__BOOL 1
| #define HAVE_STDBOOL_H 1
| /* end confdefs.h.  */
| #include <stdio.h>
| #ifdef HAVE_SYS_TYPES_H
| # include <sys/types.h>
| #endif
| #ifdef HAVE_SYS_STAT_H
| # include <sys/stat.h>
| #endif
| #ifdef STDC_HEADERS
| # include <stdlib.h>
| # include <stddef.h>
| #else
| # ifdef HAVE_STDLIB_H
| #  include <stdlib.h>
| # endif
| #endif
| #ifdef HAVE_STRING_H
| # if !defined STDC_HEADERS && defined HAVE_MEMORY_H
| #  include <memory.h>
| # endif
| # include <string.h>
| #endif
| #ifdef HAVE_STRINGS_H
| # include <strings.h>
| #endif
| #ifdef HAVE_INTTYPES_H
| # include <inttypes.h>
| #endif
| #ifdef HAVE_STDINT_H
| # include <stdint.h>
| #endif
| #ifdef HAVE_UNISTD_H
| # include <unistd.h>
| #endif
| 	        enum { N = 64 / 2 - 1 };
| int
| main ()
| {
| static int test_array [1 - 2 * !((int64_t) (((((int64_t) 1 << N) << N) - 1) * 2 + 1)
| 		 < (int64_t) (((((int64_t) 1 << N) << N) - 1) * 2 + 2))];
| test_array [0] = 0
| 
|   ;
|   return 0;
| }
configure:15200: result: yes
configure:15211: checking for uint32_t
configure:15211: gcc -c -g -O2  conftest.c >&5
configure:15211: $? = 0
configure:15211: result: yes
configure:15225: checking for uint8_t
configure:15225: gcc -c -g -O2  conftest.c >&5
configure:15225: $? = 0
configure:15225: result: yes
configure:15374: creating ./config.status

## ---------------------- ##
## Running config.status. ##
## ---------------------- ##

This file was extended by cassandra_thrift config.status 19.10.0, which was
generated by GNU Autoconf 2.67.  Invocation command line was

  CONFIG_FILES    = 
  CONFIG_HEADERS  = 
  CONFIG_LINKS    = 
  CONFIG_COMMANDS = 
  $ ./config.status 

on popcorn

config.status:1130: creating Makefile
config.status:1130: creating config.h
config.status:1310: config.h is unchanged
config.status:1358: executing depfiles commands
config.status:1358: executing libtool commands

## ---------------- ##
## Cache variables. ##
## ---------------- ##

ac_cv_build=i686-pc-linux-gnu
ac_cv_c_compiler_gnu=yes
ac_cv_c_int16_t=yes
ac_cv_c_int32_t=yes
ac_cv_c_int64_t=yes
ac_cv_c_uint32_t=yes
ac_cv_c_uint8_t=yes
ac_cv_cxx_compiler_gnu=yes
ac_cv_env_CCC_set=
ac_cv_env_CCC_value=
ac_cv_env_CC_set=
ac_cv_env_CC_value=
ac_cv_env_CFLAGS_set=
ac_cv_env_CFLAGS_value=
ac_cv_env_CPPFLAGS_set=
ac_cv_env_CPPFLAGS_value=
ac_cv_env_CPP_set=
ac_cv_env_CPP_value=
ac_cv_env_CXXCPP_set=
ac_cv_env_CXXCPP_value=
ac_cv_env_CXXFLAGS_set=
ac_cv_env_CXXFLAGS_value=
ac_cv_env_CXX_set=
ac_cv_env_CXX_value=
ac_cv_env_LDFLAGS_set=
ac_cv_env_LDFLAGS_value=
ac_cv_env_LIBS_set=
ac_cv_env_LIBS_value=
ac_cv_env_build_alias_set=
ac_cv_env_build_alias_value=
ac_cv_env_host_alias_set=
ac_cv_env_host_alias_value=
ac_cv_env_target_alias_set=
ac_cv_env_target_alias_value=
ac_cv_header_dlfcn_h=yes
ac_cv_header_inttypes_h=yes
ac_cv_header_memory_h=yes
ac_cv_header_stdbool_h=yes
ac_cv_header_stdc=yes
ac_cv_header_stdint_h=yes
ac_cv_header_stdlib_h=yes
ac_cv_header_string_h=yes
ac_cv_header_strings_h=yes
ac_cv_header_sys_stat_h=yes
ac_cv_header_sys_types_h=yes
ac_cv_header_unistd_h=yes
ac_cv_host=i686-pc-linux-gnu
ac_cv_objext=o
ac_cv_path_EGREP='/bin/grep -E'
ac_cv_path_FGREP='/bin/grep -F'
ac_cv_path_GREP=/bin/grep
ac_cv_path_SED=/bin/sed
ac_cv_path_install='/usr/bin/install -c'
ac_cv_path_mkdir=/bin/mkdir
ac_cv_prog_AWK=mawk
ac_cv_prog_CPP='gcc -E'
ac_cv_prog_CXXCPP='g++ -E'
ac_cv_prog_ac_ct_AR=ar
ac_cv_prog_ac_ct_CC=gcc
ac_cv_prog_ac_ct_CXX=g++
ac_cv_prog_ac_ct_OBJDUMP=objdump
ac_cv_prog_ac_ct_RANLIB=ranlib
ac_cv_prog_ac_ct_STRIP=strip
ac_cv_prog_cc_c89=
ac_cv_prog_cc_g=yes
ac_cv_prog_cxx_g=yes
ac_cv_prog_make_make_set=yes
ac_cv_type__Bool=yes
am_cv_CC_dependencies_compiler_type=gcc3
am_cv_CXX_dependencies_compiler_type=gcc3
lt_cv_deplibs_check_method=pass_all
lt_cv_file_magic_cmd='$MAGIC_CMD'
lt_cv_file_magic_test_file=
lt_cv_ld_reload_flag=-r
lt_cv_nm_interface='BSD nm'
lt_cv_objdir=.libs
lt_cv_path_LD=/usr/bin/ld
lt_cv_path_LDCXX=/usr/bin/ld
lt_cv_path_NM='/usr/bin/nm -B'
lt_cv_prog_compiler_c_o=yes
lt_cv_prog_compiler_c_o_CXX=yes
lt_cv_prog_compiler_pic_works=yes
lt_cv_prog_compiler_pic_works_CXX=yes
lt_cv_prog_compiler_rtti_exceptions=no
lt_cv_prog_compiler_static_works=yes
lt_cv_prog_compiler_static_works_CXX=yes
lt_cv_prog_gnu_ld=yes
lt_cv_prog_gnu_ldcxx=yes
lt_cv_sys_global_symbol_pipe='sed -n -e '\''s/^.*[	 ]\([ABCDGIRSTW][ABCDGIRSTW]*\)[	 ][	 ]*\([_A-Za-z][_A-Za-z0-9]*\)$/\1 \2 \2/p'\'''
lt_cv_sys_global_symbol_to_c_name_address='sed -n -e '\''s/^: \([^ ]*\) $/  {\"\1\", (void *) 0},/p'\'' -e '\''s/^[ABCDGIRSTW]* \([^ ]*\) \([^ ]*\)$/  {"\2", (void *) \&\2},/p'\'''
lt_cv_sys_global_symbol_to_c_name_address_lib_prefix='sed -n -e '\''s/^: \([^ ]*\) $/  {\"\1\", (void *) 0},/p'\'' -e '\''s/^[ABCDGIRSTW]* \([^ ]*\) \(lib[^ ]*\)$/  {"\2", (void *) \&\2},/p'\'' -e '\''s/^[ABCDGIRSTW]* \([^ ]*\) \([^ ]*\)$/  {"lib\2", (void *) \&\2},/p'\'''
lt_cv_sys_global_symbol_to_cdecl='sed -n -e '\''s/^T .* \(.*\)$/extern int \1();/p'\'' -e '\''s/^[ABCDGIRSTW]* .* \(.*\)$/extern char \1;/p'\'''
lt_cv_sys_max_cmd_len=1572864

## ----------------- ##
## Output variables. ##
## ----------------- ##

ACLOCAL='${SHELL} /home/gasol/code/cassandra/interface/gen-cpp/build/missing --run aclocal-1.11'
AMDEPBACKSLASH='\'
AMDEP_FALSE='#'
AMDEP_TRUE=''
AMTAR='${SHELL} /home/gasol/code/cassandra/interface/gen-cpp/build/missing --run tar'
AR='ar'
AUTOCONF='${SHELL} /home/gasol/code/cassandra/interface/gen-cpp/build/missing --run autoconf'
AUTOHEADER='${SHELL} /home/gasol/code/cassandra/interface/gen-cpp/build/missing --run autoheader'
AUTOMAKE='${SHELL} /home/gasol/code/cassandra/interface/gen-cpp/build/missing --run automake-1.11'
AWK='mawk'
CC='gcc'
CCDEPMODE='depmode=gcc3'
CFLAGS='-g -O2'
CPP='gcc -E'
CPPFLAGS=''
CXX='g++'
CXXCPP='g++ -E'
CXXDEPMODE='depmode=gcc3'
CXXFLAGS='-g -O2'
CYGPATH_W='echo'
DEFS='-DHAVE_CONFIG_H'
DEPDIR='.deps'
DSYMUTIL=''
DUMPBIN=''
ECHO_C=''
ECHO_N='-n'
ECHO_T=''
EGREP='/bin/grep -E'
EXEEXT=''
FGREP='/bin/grep -F'
GREP='/bin/grep'
INSTALL_DATA='${INSTALL} -m 644'
INSTALL_PROGRAM='${INSTALL}'
INSTALL_SCRIPT='${INSTALL}'
INSTALL_STRIP_PROGRAM='$(install_sh) -c -s'
LD='/usr/bin/ld'
LDFLAGS=''
LIBOBJS=''
LIBS=''
LIBTOOL='$(SHELL) $(top_builddir)/libtool'
LIPO=''
LN_S='ln -s'
LTLIBOBJS=''
MAKEINFO='${SHELL} /home/gasol/code/cassandra/interface/gen-cpp/build/missing --run makeinfo'
MKDIR_P='/bin/mkdir -p'
NM='/usr/bin/nm -B'
NMEDIT=''
OBJDUMP='objdump'
OBJEXT='o'
OTOOL64=''
OTOOL=''
PACKAGE='cassandra_thrift'
PACKAGE_BUGREPORT=''
PACKAGE_NAME='cassandra_thrift'
PACKAGE_STRING='cassandra_thrift 19.10.0'
PACKAGE_TARNAME='cassandra_thrift'
PACKAGE_URL=''
PACKAGE_VERSION='19.10.0'
PATH_SEPARATOR=':'
RANLIB='ranlib'
SED='/bin/sed'
SET_MAKE=''
SHELL='/bin/bash'
STRIP='strip'
VERSION='19.10.0'
ac_ct_CC='gcc'
ac_ct_CXX='g++'
ac_ct_DUMPBIN=''
am__EXEEXT_FALSE=''
am__EXEEXT_TRUE='#'
am__fastdepCC_FALSE='#'
am__fastdepCC_TRUE=''
am__fastdepCXX_FALSE='#'
am__fastdepCXX_TRUE=''
am__include='include'
am__isrc=''
am__leading_dot='.'
am__quote=''
am__tar='${AMTAR} chof - "$$tardir"'
am__untar='${AMTAR} xf -'
bindir='${exec_prefix}/bin'
build='i686-pc-linux-gnu'
build_alias=''
build_cpu='i686'
build_os='linux-gnu'
build_vendor='pc'
datadir='${datarootdir}'
datarootdir='${prefix}/share'
docdir='${datarootdir}/doc/${PACKAGE_TARNAME}'
dvidir='${docdir}'
exec_prefix='${prefix}'
host='i686-pc-linux-gnu'
host_alias=''
host_cpu='i686'
host_os='linux-gnu'
host_vendor='pc'
htmldir='${docdir}'
includedir='${prefix}/include'
infodir='${datarootdir}/info'
install_sh='${SHELL} /home/gasol/code/cassandra/interface/gen-cpp/build/install-sh'
libdir='${exec_prefix}/lib'
libexecdir='${exec_prefix}/libexec'
localedir='${datarootdir}/locale'
localstatedir='${prefix}/var'
lt_ECHO='echo'
mandir='${datarootdir}/man'
mkdir_p='/bin/mkdir -p'
oldincludedir='/usr/include'
pdfdir='${docdir}'
prefix='/usr/local'
program_transform_name='s,x,x,'
psdir='${docdir}'
sbindir='${exec_prefix}/sbin'
sharedstatedir='${prefix}/com'
sysconfdir='${prefix}/etc'
target_alias=''

## ----------- ##
## confdefs.h. ##
## ----------- ##

/* confdefs.h */
#define PACKAGE_NAME "cassandra_thrift"
#define PACKAGE_TARNAME "cassandra_thrift"
#define PACKAGE_VERSION "19.10.0"
#define PACKAGE_STRING "cassandra_thrift 19.10.0"
#define PACKAGE_BUGREPORT ""
#define PACKAGE_URL ""
#define STDC_HEADERS 1
#define HAVE_SYS_TYPES_H 1
#define HAVE_SYS_STAT_H 1
#define HAVE_STDLIB_H 1
#define HAVE_STRING_H 1
#define HAVE_MEMORY_H 1
#define HAVE_STRINGS_H 1
#define HAVE_INTTYPES_H 1
#define HAVE_STDINT_H 1
#define HAVE_UNISTD_H 1
#define HAVE_DLFCN_H 1
#define LT_OBJDIR ".libs/"
#define HAVE__BOOL 1
#define HAVE_STDBOOL_H 1

configure: exit 0

## ---------------------- ##
## Running config.status. ##
## ---------------------- ##

This file was extended by cassandra_thrift config.status 19.10.0, which was
generated by GNU Autoconf 2.67.  Invocation command line was

  CONFIG_FILES    = 
  CONFIG_HEADERS  = 
  CONFIG_LINKS    = 
  CONFIG_COMMANDS = 
  $ ./config.status Makefile depfiles

on popcorn

config.status:1130: creating Makefile
config.status:1358: executing depfiles commands
